<?xml version="1.0" encoding="UTF-8"?>
<testng-results skipped="0" failed="0" ignored="0" total="1" passed="1">
  <reporter-output>
  </reporter-output>
  <suite name="Default suite" duration-ms="5648" started-at="2020-01-05T07:36:05Z" finished-at="2020-01-05T07:36:11Z">
    <groups>
    </groups>
    <test name="Default test" duration-ms="5648" started-at="2020-01-05T07:36:05Z" finished-at="2020-01-05T07:36:11Z">
      <class name="testscripts.GmailLogin">
        <test-method status="PASS" signature="beforeTest()[pri:0, instance:testscripts.GmailLogin@490ab905]" name="beforeTest" is-config="true" duration-ms="3906" started-at="2020-01-05T02:36:05Z" finished-at="2020-01-05T02:36:09Z">
          <reporter-output>
          </reporter-output>
        </test-method> <!-- beforeTest -->
        <test-method status="PASS" signature="testActions()[pri:0, instance:testscripts.GmailLogin@490ab905]" name="testActions" duration-ms="1721" started-at="2020-01-05T02:36:09Z" finished-at="2020-01-05T02:36:11Z">
          <reporter-output>
          </reporter-output>
        </test-method> <!-- testActions -->
      </class> <!-- testscripts.GmailLogin -->
    </test> <!-- Default test -->
  </suite> <!-- Default suite -->
</testng-results>
